        -:    0:Source:/mnt/c/projects/clion/unitTests/main.cpp
        -:    0:Graph:/mnt/c/projects/clion/unitTests/cmake-build-debug-coverage/CMakeFiles/unitTests.dir/main.cpp.gcno
        -:    0:Data:/mnt/c/projects/clion/unitTests/cmake-build-debug-coverage/CMakeFiles/unitTests.dir/main.cpp.gcda
        -:    0:Runs:1
        -:    1:#include <iostream>
        -:    2:#include "gtest/gtest.h"
        -:    3:#include "prime_tables.h"
        -:    4:#include "sample1.h"
        -:    5:
        -:    6:
function main called 1 returned 100% blocks executed 29%
        1:    7:int main() {
        -:    8:    //TEST(IsPrimeTest, 4);
       1*:    9:    EXPECT_FALSE(IsPrime(4));
        1:    9-block  0
call    0 returned 1
branch  1 taken 1 (fallthrough)
branch  2 taken 0 (throw)
        1:    9-block  1
call    3 returned 1
call    4 returned 1
branch  5 taken 0 (fallthrough)
branch  6 taken 1
    %%%%%:    9-block  2
call    7 never executed
branch  8 never executed
branch  9 never executed
    %%%%%:    9-block  3
call   10 never executed
branch 11 never executed
branch 12 never executed
    %%%%%:    9-block  4
call   13 never executed
call   14 never executed
branch 15 never executed
branch 16 never executed
    %%%%%:    9-block  5
call   17 never executed
branch 18 never executed
branch 19 never executed
    %%%%%:    9-block  6
call   20 never executed
call   21 never executed
call   22 never executed
        1:    9-block  7
call   23 returned 1
    $$$$$:    9-block  8
call   24 never executed
    $$$$$:    9-block  9
    $$$$$:    9-block 10
call   25 never executed
    $$$$$:    9-block 11
    $$$$$:    9-block 12
call   26 never executed
    $$$$$:    9-block 13
    $$$$$:    9-block 14
call   27 never executed
        -:   10:
        1:   11:    return 0;
        -:   12:}
