        -:    0:Source:/mnt/c/projects/clion/unitTests/sample1.cc
        -:    0:Graph:/mnt/c/projects/clion/unitTests/cmake-build-debug-coverage/CMakeFiles/unitTests.dir/sample1.cc.gcno
        -:    0:Data:/mnt/c/projects/clion/unitTests/cmake-build-debug-coverage/CMakeFiles/unitTests.dir/sample1.cc.gcda
        -:    0:Runs:1
        -:    1:// Copyright 2005, Google Inc.
        -:    2:// All rights reserved.
        -:    3://
        -:    4:// Redistribution and use in source and binary forms, with or without
        -:    5:// modification, are permitted provided that the following conditions are
        -:    6:// met:
        -:    7://
        -:    8://     * Redistributions of source code must retain the above copyright
        -:    9:// notice, this list of conditions and the following disclaimer.
        -:   10://     * Redistributions in binary form must reproduce the above
        -:   11:// copyright notice, this list of conditions and the following disclaimer
        -:   12:// in the documentation and/or other materials provided with the
        -:   13:// distribution.
        -:   14://     * Neither the name of Google Inc. nor the names of its
        -:   15:// contributors may be used to endorse or promote products derived from
        -:   16:// this software without specific prior written permission.
        -:   17://
        -:   18:// THIS SOFTWARE IS PROVIDED BY THE COPYRIGHT HOLDERS AND CONTRIBUTORS
        -:   19:// "AS IS" AND ANY EXPRESS OR IMPLIED WARRANTIES, INCLUDING, BUT NOT
        -:   20:// LIMITED TO, THE IMPLIED WARRANTIES OF MERCHANTABILITY AND FITNESS FOR
        -:   21:// A PARTICULAR PURPOSE ARE DISCLAIMED. IN NO EVENT SHALL THE COPYRIGHT
        -:   22:// OWNER OR CONTRIBUTORS BE LIABLE FOR ANY DIRECT, INDIRECT, INCIDENTAL,
        -:   23:// SPECIAL, EXEMPLARY, OR CONSEQUENTIAL DAMAGES (INCLUDING, BUT NOT
        -:   24:// LIMITED TO, PROCUREMENT OF SUBSTITUTE GOODS OR SERVICES; LOSS OF USE,
        -:   25:// DATA, OR PROFITS; OR BUSINESS INTERRUPTION) HOWEVER CAUSED AND ON ANY
        -:   26:// THEORY OF LIABILITY, WHETHER IN CONTRACT, STRICT LIABILITY, OR TORT
        -:   27:// (INCLUDING NEGLIGENCE OR OTHERWISE) ARISING IN ANY WAY OUT OF THE USE
        -:   28:// OF THIS SOFTWARE, EVEN IF ADVISED OF THE POSSIBILITY OF SUCH DAMAGE.
        -:   29:
        -:   30:// A sample program demonstrating using Google C++ testing framework.
        -:   31:
        -:   32:#include "sample1.h"
        -:   33:
        -:   34:// Returns n! (the factorial of n).  For negative n, n! is defined to be 1.
function _Z9Factoriali called 0 returned 0% blocks executed 0%
    #####:   35:int Factorial(int n) {
    #####:   36:  int result = 1;
    #####:   37:  for (int i = 1; i <= n; i++) {
    %%%%%:   37-block  0
    %%%%%:   37-block  1
branch  0 never executed
branch  1 never executed
    #####:   38:    result *= i;
    %%%%%:   38-block  0
        -:   39:  }
        -:   40:
    #####:   41:  return result;
    %%%%%:   41-block  0
        -:   42:}
        -:   43:
        -:   44:// Returns true if and only if n is a prime number.
function _Z7IsPrimei called 1 returned 100% blocks executed 33%
        1:   45:bool IsPrime(int n) {
        -:   46:  // Trivial case 1: small numbers
       1*:   47:  if (n <= 1) return false;
        1:   47-block  0
branch  0 taken 0 (fallthrough)
branch  1 taken 1
    %%%%%:   47-block  1
        -:   48:
        -:   49:  // Trivial case 2: even numbers
        1:   50:  if (n % 2 == 0) return n == 2;
        1:   50-block  0
branch  0 taken 1 (fallthrough)
branch  1 taken 0
        1:   50-block  1
        -:   51:
        -:   52:  // Now, we have that n is odd and n >= 3.
        -:   53:
        -:   54:  // Try to divide n by every odd number i, starting from 3
    #####:   55:  for (int i = 3;; i += 2) {
    %%%%%:   55-block  0
    %%%%%:   55-block  1
        -:   56:    // We only have to try i up to the square root of n
    #####:   57:    if (i > n / i) break;
    %%%%%:   57-block  0
branch  0 never executed
branch  1 never executed
    %%%%%:   57-block  1
        -:   58:
        -:   59:    // Now, we have i <= n/i < n.
        -:   60:    // If n is divisible by i, n is not prime.
    #####:   61:    if (n % i == 0) return false;
    %%%%%:   61-block  0
branch  0 never executed
branch  1 never executed
    %%%%%:   61-block  1
        -:   62:  }
        -:   63:
        -:   64:  // n has no integer factor in the range (1, n), and thus is prime.
    #####:   65:  return true;
    %%%%%:   65-block  0
        -:   66:}
